
> frontend@0.1.0 build
> react-scripts build

Creating an optimized production build...
Compiled with warnings.

[eslint] 
src\pages\admin\Attendance.js
  Line 132:10:  'saving' is assigned a value but never used                                                                   no-unused-vars
  Line 132:19:  'setSaving' is assigned a value but never used                                                                no-unused-vars
  Line 192:6:   React Hook useEffect has a missing dependency: 'loadMonth'. Either include it or remove the dependency array  react-hooks/exhaustive-deps

src\pages\admin\BooksJobs.js
  Line 1:27:   'useMemo' is defined but never used                                                                                               no-unused-vars
  Line 896:6:  React Hook useEffect has missing dependencies: 'loadJobs' and 'loadProjects'. Either include them or remove the dependency array  react-hooks/exhaustive-deps

src\pages\admin\RolesPermission.js
  Line 102:35:  React Hook useEffect has a missing dependency: 'loadAll'. Either include it or remove the dependency array  react-hooks/exhaustive-deps

src\pages\admin\TaskManagement.js
  Line 2:13:    'useMemo' is defined but never used                                                                                                 no-unused-vars
  Line 656:10:  'searchApplied' is assigned a value but never used                                                                                  no-unused-vars
  Line 717:6:   React Hook useEffect has missing dependencies: 'loadDropdowns' and 'loadTasks'. Either include them or remove the dependency array  react-hooks/exhaustive-deps

src\pages\admin\Tools.js
  Line 252:37:  React Hook useEffect has a missing dependency: 'loadTools'. Either include it or remove the dependency array   react-hooks/exhaustive-deps
  Line 267:6:   React Hook useEffect has a missing dependency: 'loadAccess'. Either include it or remove the dependency array  react-hooks/exhaustive-deps

src\pages\user\EmpLeave.js
  Line 75:35:  React Hook useEffect has a missing dependency: 'loadAll'. Either include it or remove the dependency array  react-hooks/exhaustive-deps

Search for the keywords to learn more about each warning.
To ignore, add // eslint-disable-next-line to the line before.

File sizes after gzip:

  220.45 kB          build\static\js\main.f1cff23f.js
  45.13 kB (+116 B)  build\static\css\main.fba6b99b.css

The project was built assuming it is hosted at /.
You can control this with the homepage field in your package.json.

The build folder is ready to be deployed.
You may serve it with a static server:

  npm install -g serve
  serve -s build

Find out more about deployment here:

  https://cra.link/deployment

